<?xml version="1.0" encoding="UTF-8"?>
<robot generator="Robot 4.0 (Python 3.9.2 on win32)" generated="20210402 09:13:50.459" rpa="false" schemaversion="2">
<suite id="s1" name="17WebTable" source="C:\Users\bobbu.yaswanth\PycharmProjects\RobotFramework\TestCase\17WebTable.robot">
<test id="s1-t1" name="LoginTest">
<kw name="Open Browser" library="SeleniumLibrary">
<arg>${url}</arg>
<arg>${browser}</arg>
<doc>Opens a new browser instance to the optional ``url``.</doc>
<msg timestamp="20210402 09:13:51.898" level="INFO">Opening browser 'Chrome' to base url 'http://testautomationpractice.blogspot.com/'.</msg>
<status status="PASS" starttime="20210402 09:13:51.898" endtime="20210402 09:14:17.109"/>
</kw>
<kw name="Maximize Browser Window" library="SeleniumLibrary">
<doc>Maximizes current browser window.</doc>
<status status="PASS" starttime="20210402 09:14:17.109" endtime="20210402 09:14:17.693"/>
</kw>
<kw name="LogintoApplication">
<kw name="Get Element Count" library="SeleniumLibrary">
<var>${rows}</var>
<arg>xpath://*[@id="HTML1"]/div[1]/table/tbody/tr</arg>
<doc>Returns the number of elements matching ``locator``.</doc>
<msg timestamp="20210402 09:14:18.541" level="INFO">${rows} = 7</msg>
<status status="PASS" starttime="20210402 09:14:17.701" endtime="20210402 09:14:18.541"/>
</kw>
<kw name="Get Element Count" library="SeleniumLibrary">
<var>${cols}</var>
<arg>//*[@id="HTML1"]/div[1]/table/tbody/tr[1]/th</arg>
<doc>Returns the number of elements matching ``locator``.</doc>
<msg timestamp="20210402 09:14:18.557" level="INFO">${cols} = 4</msg>
<status status="PASS" starttime="20210402 09:14:18.541" endtime="20210402 09:14:18.557"/>
</kw>
<kw name="Log To Console" library="BuiltIn">
<arg>${rows}</arg>
<doc>Logs the given message to the console.</doc>
<status status="PASS" starttime="20210402 09:14:18.557" endtime="20210402 09:14:18.557"/>
</kw>
<kw name="Log To Console" library="BuiltIn">
<arg>${cols}</arg>
<doc>Logs the given message to the console.</doc>
<status status="PASS" starttime="20210402 09:14:18.557" endtime="20210402 09:14:18.557"/>
</kw>
<kw name="Get Text" library="SeleniumLibrary">
<var>${data}</var>
<arg>//*[@id="HTML1"]/div[1]/table/tbody/tr[3]/td[3]</arg>
<doc>Returns the text value of the element identified by ``locator``.</doc>
<msg timestamp="20210402 09:14:18.860" level="INFO">${data} = Java</msg>
<status status="PASS" starttime="20210402 09:14:18.557" endtime="20210402 09:14:18.860"/>
</kw>
<kw name="Log To Console" library="BuiltIn">
<arg>${data}</arg>
<doc>Logs the given message to the console.</doc>
<status status="PASS" starttime="20210402 09:14:18.860" endtime="20210402 09:14:18.860"/>
</kw>
<kw name="Table Column Should Contain" library="SeleniumLibrary">
<arg>//*[@name="BookTable"]</arg>
<arg>2</arg>
<arg>Mukesh</arg>
<doc>Verifies table column contains text ``expected``.</doc>
<status status="PASS" starttime="20210402 09:14:18.860" endtime="20210402 09:14:19.036"/>
</kw>
<kw name="Table Row Should Contain" library="SeleniumLibrary">
<arg>//*[@name="BookTable"]</arg>
<arg>5</arg>
<arg>Selenium</arg>
<doc>Verifies that table row contains text ``expected``.</doc>
<status status="PASS" starttime="20210402 09:14:19.036" endtime="20210402 09:14:19.100"/>
</kw>
<kw name="Table Cell Should Contain" library="SeleniumLibrary">
<arg>//*[@name="BookTable"]</arg>
<arg>5</arg>
<arg>2</arg>
<arg>Mukesh</arg>
<doc>Verifies table cell contains text ``expected``.</doc>
<msg timestamp="20210402 09:14:19.172" level="INFO">Table cell contains 'Mukesh'.</msg>
<status status="PASS" starttime="20210402 09:14:19.100" endtime="20210402 09:14:19.172"/>
</kw>
<kw name="Table Header Should Contain" library="SeleniumLibrary">
<arg>//*[@name="BookTable"]</arg>
<arg>Price</arg>
<doc>Verifies table header contains text ``expected``.</doc>
<status status="PASS" starttime="20210402 09:14:19.172" endtime="20210402 09:14:19.460"/>
</kw>
<kw name="Close Browser" library="SeleniumLibrary">
<doc>Closes the current browser.</doc>
<status status="PASS" starttime="20210402 09:14:19.460" endtime="20210402 09:14:28.475"/>
</kw>
<status status="PASS" starttime="20210402 09:14:17.701" endtime="20210402 09:14:28.475"/>
</kw>
<kw name="Close Browser" library="SeleniumLibrary">
<doc>Closes the current browser.</doc>
<status status="PASS" starttime="20210402 09:14:28.475" endtime="20210402 09:14:28.475"/>
</kw>
<status status="PASS" starttime="20210402 09:13:51.898" endtime="20210402 09:14:28.475"/>
</test>
<status status="PASS" starttime="20210402 09:13:50.467" endtime="20210402 09:14:28.491"/>
</suite>
<statistics>
<total>
<stat pass="1" fail="0" skip="0">All Tests</stat>
</total>
<tag>
</tag>
<suite>
<stat pass="1" fail="0" skip="0" id="s1" name="17WebTable">17WebTable</stat>
</suite>
</statistics>
<errors>
</errors>
</robot>
