<?xml version="1.0" encoding="UTF-8"?>
<robot generator="Robot 4.0 (Python 3.9.2 on win32)" generated="20210402 10:13:00.517" rpa="false" schemaversion="2">
<suite id="s1" name="17WebTable" source="C:\Users\bobbu.yaswanth\PycharmProjects\RobotFramework\TestCase\17WebTable.robot">
<test id="s1-t1" name="LoginTest">
<kw name="Open Browser" library="SeleniumLibrary">
<arg>${url}</arg>
<arg>${browser}</arg>
<doc>Opens a new browser instance to the optional ``url``.</doc>
<msg timestamp="20210402 10:13:01.757" level="INFO">Opening browser 'Chrome' to base url 'http://testautomationpractice.blogspot.com/'.</msg>
<status status="PASS" starttime="20210402 10:13:01.757" endtime="20210402 10:13:19.611"/>
</kw>
<kw name="Maximize Browser Window" library="SeleniumLibrary">
<doc>Maximizes current browser window.</doc>
<status status="PASS" starttime="20210402 10:13:19.611" endtime="20210402 10:13:19.811"/>
</kw>
<kw name="LogintoApplication">
<kw name="Get Element Count" library="SeleniumLibrary">
<var>${rows}</var>
<arg>xpath://*[@id="HTML1"]/div[1]/table/tbody/tr</arg>
<doc>Returns the number of elements matching ``locator``.</doc>
<msg timestamp="20210402 10:13:20.611" level="INFO">${rows} = 7</msg>
<status status="PASS" starttime="20210402 10:13:19.811" endtime="20210402 10:13:20.611"/>
</kw>
<kw name="Get Element Count" library="SeleniumLibrary">
<var>${cols}</var>
<arg>//*[@id="HTML1"]/div[1]/table/tbody/tr[1]/th</arg>
<doc>Returns the number of elements matching ``locator``.</doc>
<msg timestamp="20210402 10:13:20.643" level="INFO">${cols} = 4</msg>
<status status="PASS" starttime="20210402 10:13:20.611" endtime="20210402 10:13:20.643"/>
</kw>
<kw name="Log To Console" library="BuiltIn">
<arg>${rows}</arg>
<doc>Logs the given message to the console.</doc>
<status status="PASS" starttime="20210402 10:13:20.643" endtime="20210402 10:13:20.643"/>
</kw>
<kw name="Log To Console" library="BuiltIn">
<arg>${cols}</arg>
<doc>Logs the given message to the console.</doc>
<status status="PASS" starttime="20210402 10:13:20.643" endtime="20210402 10:13:20.643"/>
</kw>
<kw name="Get Text" library="SeleniumLibrary">
<var>${data}</var>
<arg>//*[@id="HTML1"]/div[1]/table/tbody/tr[3]/td[3]</arg>
<doc>Returns the text value of the element identified by ``locator``.</doc>
<msg timestamp="20210402 10:13:20.763" level="INFO">${data} = Java</msg>
<status status="PASS" starttime="20210402 10:13:20.643" endtime="20210402 10:13:20.763"/>
</kw>
<kw name="Log To Console" library="BuiltIn">
<arg>${data}</arg>
<doc>Logs the given message to the console.</doc>
<status status="PASS" starttime="20210402 10:13:20.763" endtime="20210402 10:13:20.763"/>
</kw>
<kw name="Table Column Should Contain" library="SeleniumLibrary">
<arg>//*[@name="BookTable"]</arg>
<arg>2</arg>
<arg>Mukesh</arg>
<doc>Verifies table column contains text ``expected``.</doc>
<status status="PASS" starttime="20210402 10:13:20.763" endtime="20210402 10:13:20.883"/>
</kw>
<kw name="Table Row Should Contain" library="SeleniumLibrary">
<arg>//*[@name="BookTable"]</arg>
<arg>5</arg>
<arg>Selenium</arg>
<doc>Verifies that table row contains text ``expected``.</doc>
<status status="PASS" starttime="20210402 10:13:20.883" endtime="20210402 10:13:20.939"/>
</kw>
<kw name="Table Cell Should Contain" library="SeleniumLibrary">
<arg>//*[@name="BookTable"]</arg>
<arg>5</arg>
<arg>2</arg>
<arg>Mukesh</arg>
<doc>Verifies table cell contains text ``expected``.</doc>
<msg timestamp="20210402 10:13:21.011" level="INFO">Table cell contains 'Mukesh'.</msg>
<status status="PASS" starttime="20210402 10:13:20.939" endtime="20210402 10:13:21.019"/>
</kw>
<kw name="Table Header Should Contain" library="SeleniumLibrary">
<arg>//*[@name="BookTable"]</arg>
<arg>Price</arg>
<doc>Verifies table header contains text ``expected``.</doc>
<status status="PASS" starttime="20210402 10:13:21.019" endtime="20210402 10:13:21.123"/>
</kw>
<kw name="Close Browser" library="SeleniumLibrary">
<doc>Closes the current browser.</doc>
<status status="PASS" starttime="20210402 10:13:21.123" endtime="20210402 10:13:24.019"/>
</kw>
<status status="PASS" starttime="20210402 10:13:19.811" endtime="20210402 10:13:24.019"/>
</kw>
<kw name="Close Browser" library="SeleniumLibrary">
<doc>Closes the current browser.</doc>
<status status="PASS" starttime="20210402 10:13:24.019" endtime="20210402 10:13:24.019"/>
</kw>
<status status="PASS" starttime="20210402 10:13:01.749" endtime="20210402 10:13:24.019"/>
</test>
<status status="PASS" starttime="20210402 10:13:00.525" endtime="20210402 10:13:24.051"/>
</suite>
<statistics>
<total>
<stat pass="1" fail="0" skip="0">All Tests</stat>
</total>
<tag>
</tag>
<suite>
<stat pass="1" fail="0" skip="0" id="s1" name="17WebTable">17WebTable</stat>
</suite>
</statistics>
<errors>
</errors>
</robot>
