<?xml version="1.0" encoding="UTF-8"?>
<robot generator="Robot 4.0 (Python 3.9.2 on win32)" generated="20210405 16:19:18.742" rpa="false" schemaversion="2">
<suite id="s1" name="17WebTable" source="C:\Users\bobbu.yaswanth\PycharmProjects\RobotFramework\TestCase\17WebTable.robot">
<test id="s1-t1" name="LoginTest">
<kw name="Open Browser" library="SeleniumLibrary">
<arg>${url}</arg>
<arg>${browser}</arg>
<doc>Opens a new browser instance to the optional ``url``.</doc>
<msg timestamp="20210405 16:19:19.596" level="INFO">Opening browser 'Chrome' to base url 'http://testautomationpractice.blogspot.com/'.</msg>
<status status="PASS" starttime="20210405 16:19:19.596" endtime="20210405 16:19:29.783"/>
</kw>
<kw name="Maximize Browser Window" library="SeleniumLibrary">
<doc>Maximizes current browser window.</doc>
<status status="PASS" starttime="20210405 16:19:29.784" endtime="20210405 16:19:29.948"/>
</kw>
<kw name="LogintoApplication">
<kw name="Get Element Count" library="SeleniumLibrary">
<var>${rows}</var>
<arg>xpath://*[@id="HTML1"]/div[1]/table/tbody/tr</arg>
<doc>Returns the number of elements matching ``locator``.</doc>
<msg timestamp="20210405 16:19:30.082" level="INFO">${rows} = 7</msg>
<status status="PASS" starttime="20210405 16:19:29.950" endtime="20210405 16:19:30.082"/>
</kw>
<kw name="Get Element Count" library="SeleniumLibrary">
<var>${cols}</var>
<arg>//*[@id="HTML1"]/div[1]/table/tbody/tr[1]/th</arg>
<doc>Returns the number of elements matching ``locator``.</doc>
<msg timestamp="20210405 16:19:30.096" level="INFO">${cols} = 4</msg>
<status status="PASS" starttime="20210405 16:19:30.082" endtime="20210405 16:19:30.096"/>
</kw>
<kw name="Log To Console" library="BuiltIn">
<arg>${rows}</arg>
<doc>Logs the given message to the console.</doc>
<status status="PASS" starttime="20210405 16:19:30.097" endtime="20210405 16:19:30.097"/>
</kw>
<kw name="Log To Console" library="BuiltIn">
<arg>${cols}</arg>
<doc>Logs the given message to the console.</doc>
<status status="PASS" starttime="20210405 16:19:30.098" endtime="20210405 16:19:30.098"/>
</kw>
<kw name="Get Text" library="SeleniumLibrary">
<var>${data}</var>
<arg>//*[@id="HTML1"]/div[1]/table/tbody/tr[3]/td[3]</arg>
<doc>Returns the text value of the element identified by ``locator``.</doc>
<msg timestamp="20210405 16:19:30.252" level="INFO">${data} = Java</msg>
<status status="PASS" starttime="20210405 16:19:30.098" endtime="20210405 16:19:30.252"/>
</kw>
<kw name="Log To Console" library="BuiltIn">
<arg>${data}</arg>
<doc>Logs the given message to the console.</doc>
<status status="PASS" starttime="20210405 16:19:30.252" endtime="20210405 16:19:30.253"/>
</kw>
<kw name="Table Column Should Contain" library="SeleniumLibrary">
<arg>//*[@name="BookTable"]</arg>
<arg>2</arg>
<arg>Mukesh</arg>
<doc>Verifies table column contains text ``expected``.</doc>
<status status="PASS" starttime="20210405 16:19:30.253" endtime="20210405 16:19:30.464"/>
</kw>
<kw name="Table Row Should Contain" library="SeleniumLibrary">
<arg>//*[@name="BookTable"]</arg>
<arg>5</arg>
<arg>Selenium</arg>
<doc>Verifies that table row contains text ``expected``.</doc>
<status status="PASS" starttime="20210405 16:19:30.464" endtime="20210405 16:19:30.532"/>
</kw>
<kw name="Table Cell Should Contain" library="SeleniumLibrary">
<arg>//*[@name="BookTable"]</arg>
<arg>5</arg>
<arg>2</arg>
<arg>Mukesh</arg>
<doc>Verifies table cell contains text ``expected``.</doc>
<msg timestamp="20210405 16:19:30.608" level="INFO">Table cell contains 'Mukesh'.</msg>
<status status="PASS" starttime="20210405 16:19:30.533" endtime="20210405 16:19:30.609"/>
</kw>
<kw name="Table Header Should Contain" library="SeleniumLibrary">
<arg>//*[@name="BookTable"]</arg>
<arg>Price</arg>
<doc>Verifies table header contains text ``expected``.</doc>
<status status="PASS" starttime="20210405 16:19:30.609" endtime="20210405 16:19:30.721"/>
</kw>
<kw name="Close Browser" library="SeleniumLibrary">
<doc>Closes the current browser.</doc>
<status status="PASS" starttime="20210405 16:19:30.722" endtime="20210405 16:19:34.559"/>
</kw>
<status status="PASS" starttime="20210405 16:19:29.949" endtime="20210405 16:19:34.559"/>
</kw>
<kw name="Close Browser" library="SeleniumLibrary">
<doc>Closes the current browser.</doc>
<status status="PASS" starttime="20210405 16:19:34.560" endtime="20210405 16:19:34.560"/>
</kw>
<status status="PASS" starttime="20210405 16:19:19.595" endtime="20210405 16:19:34.561"/>
</test>
<status status="PASS" starttime="20210405 16:19:18.745" endtime="20210405 16:19:34.597"/>
</suite>
<statistics>
<total>
<stat pass="1" fail="0" skip="0">All Tests</stat>
</total>
<tag>
</tag>
<suite>
<stat pass="1" fail="0" skip="0" id="s1" name="17WebTable">17WebTable</stat>
</suite>
</statistics>
<errors>
</errors>
</robot>
